<?xml version="1.0" encoding="UTF-8"?>
<testsuite name="org.example.todoapp.TodoappApplicationTests" tests="1" skipped="0" failures="0" errors="0" timestamp="2024-06-11T01:45:22" hostname="DESKTOP-FVNV1SR" time="0.373">
  <properties/>
  <testcase name="contextLoads()" classname="org.example.todoapp.TodoappApplicationTests" time="0.373"/>
  <system-out><![CDATA[10:45:19.173 [Test worker] INFO org.springframework.test.context.support.AnnotationConfigContextLoaderUtils -- Could not detect default configuration classes for test class [org.example.todoapp.TodoappApplicationTests]: TodoappApplicationTests does not declare any static, non-private, non-final, nested classes annotated with @Configuration.
10:45:19.245 [Test worker] INFO org.springframework.boot.test.context.SpringBootTestContextBootstrapper -- Found @SpringBootConfiguration org.example.todoapp.TodoappApplication for test class org.example.todoapp.TodoappApplicationTests
  .   ____          _            __ _ _
 /\\ / ___'_ __ _ _(_)_ __  __ _ \ \ \ \
( ( )\___ | '_ | '_| | '_ \/ _` | \ \ \ \
 \\/  ___)| |_)| | | | | || (_| |  ) ) ) )
  '  |____| .__|_| |_|_| |_\__, | / / / /
 =========|_|==============|___/=/_/_/_/

 :: Spring Boot ::                (v3.3.0)

2024-06-11T10:45:19.577+09:00  INFO 18664 --- [todoapp] [    Test worker] o.e.todoapp.TodoappApplicationTests      : Starting TodoappApplicationTests using Java 21.0.2 with PID 18664 (started by YOUNYUKYUNG in C:\Users\YOUNYUKYUNG\backend_school_10\todoapp)
2024-06-11T10:45:19.578+09:00  INFO 18664 --- [todoapp] [    Test worker] o.e.todoapp.TodoappApplicationTests      : No active profile set, falling back to 1 default profile: "default"
2024-06-11T10:45:20.032+09:00  INFO 18664 --- [todoapp] [    Test worker] .s.d.r.c.RepositoryConfigurationDelegate : Bootstrapping Spring Data JPA repositories in DEFAULT mode.
2024-06-11T10:45:20.070+09:00  INFO 18664 --- [todoapp] [    Test worker] .s.d.r.c.RepositoryConfigurationDelegate : Finished Spring Data repository scanning in 29 ms. Found 1 JPA repository interface.
2024-06-11T10:45:20.396+09:00  INFO 18664 --- [todoapp] [    Test worker] o.hibernate.jpa.internal.util.LogHelper  : HHH000204: Processing PersistenceUnitInfo [name: default]
2024-06-11T10:45:20.445+09:00  INFO 18664 --- [todoapp] [    Test worker] org.hibernate.Version                    : HHH000412: Hibernate ORM core version 6.5.2.Final
2024-06-11T10:45:20.476+09:00  INFO 18664 --- [todoapp] [    Test worker] o.h.c.internal.RegionFactoryInitiator    : HHH000026: Second-level cache disabled
2024-06-11T10:45:20.716+09:00  INFO 18664 --- [todoapp] [    Test worker] o.s.o.j.p.SpringPersistenceUnitInfo      : No LoadTimeWeaver setup: ignoring JPA class transformer
2024-06-11T10:45:20.738+09:00  INFO 18664 --- [todoapp] [    Test worker] com.zaxxer.hikari.HikariDataSource       : HikariPool-1 - Starting...
2024-06-11T10:45:21.133+09:00  INFO 18664 --- [todoapp] [    Test worker] com.zaxxer.hikari.pool.HikariPool        : HikariPool-1 - Added connection com.mysql.cj.jdbc.ConnectionImpl@569a26ab
2024-06-11T10:45:21.135+09:00  INFO 18664 --- [todoapp] [    Test worker] com.zaxxer.hikari.HikariDataSource       : HikariPool-1 - Start completed.
2024-06-11T10:45:21.190+09:00  WARN 18664 --- [todoapp] [    Test worker] org.hibernate.orm.deprecation            : HHH90000025: MySQLDialect does not need to be specified explicitly using 'hibernate.dialect' (remove the property setting and it will be selected by default)
2024-06-11T10:45:21.767+09:00  INFO 18664 --- [todoapp] [    Test worker] o.h.e.t.j.p.i.JtaPlatformInitiator       : HHH000489: No JTA platform available (set 'hibernate.transaction.jta.platform' to enable JTA platform integration)
2024-06-11T10:45:21.829+09:00  INFO 18664 --- [todoapp] [    Test worker] j.LocalContainerEntityManagerFactoryBean : Initialized JPA EntityManagerFactory for persistence unit 'default'
2024-06-11T10:45:22.115+09:00  WARN 18664 --- [todoapp] [    Test worker] JpaBaseConfiguration$JpaWebConfiguration : spring.jpa.open-in-view is enabled by default. Therefore, database queries may be performed during view rendering. Explicitly configure spring.jpa.open-in-view to disable this warning
2024-06-11T10:45:22.396+09:00  INFO 18664 --- [todoapp] [    Test worker] o.e.todoapp.TodoappApplicationTests      : Started TodoappApplicationTests in 3.019 seconds (process running for 3.882)
DB_USERNAME: admin
DB_PASSWORD: dbsdbrud12A!
]]></system-out>
  <system-err><![CDATA[WARNING: A Java agent has been loaded dynamically (C:\Users\YOUNYUKYUNG\.gradle\caches\modules-2\files-2.1\net.bytebuddy\byte-buddy-agent\1.14.16\4a451ee6484abac3a498df0f3b33ed00a6fced4d\byte-buddy-agent-1.14.16.jar)
WARNING: If a serviceability tool is in use, please run with -XX:+EnableDynamicAgentLoading to hide this warning
WARNING: If a serviceability tool is not in use, please run with -Djdk.instrument.traceUsage for more information
WARNING: Dynamic loading of agents will be disallowed by default in a future release
]]></system-err>
</testsuite>
